Using pre-set license
Built from '2021.3/staging' branch; Version is '2021.3.1f1 (3b70a0754835) revision 3895456'; Using compiler version '192829333'; Build Type 'Release'
OS: 'Windows 10  (10.0.19044) 64bit Core' Language: 'en' Physical Memory: 16312 MB
BatchMode: 1, IsHumanControllingUs: 0, StartBugReporterOnCrash: 0, Is64bit: 1, IsPro: 1

COMMAND LINE ARGUMENTS:
C:\Program Files\Unity\Hub\Editor\2021.3.1f1\Editor\Unity.exe
-adb2
-batchMode
-noUpm
-name
AssetImportWorker3
-projectPath
C:/Users/domar/OneDrive/Documents/GitHub/Cheese-Rush/Cheese Rush
-logFile
Logs/AssetImportWorker3.log
-srvPort
49771
Successfully changed project path to: C:/Users/domar/OneDrive/Documents/GitHub/Cheese-Rush/Cheese Rush
C:/Users/domar/OneDrive/Documents/GitHub/Cheese-Rush/Cheese Rush
[UnityMemory] Configuration Parameters - Can be set up in boot.config
    "memorysetup-bucket-allocator-granularity=16"
    "memorysetup-bucket-allocator-bucket-count=8"
    "memorysetup-bucket-allocator-block-size=33554432"
    "memorysetup-bucket-allocator-block-count=8"
    "memorysetup-main-allocator-block-size=16777216"
    "memorysetup-thread-allocator-block-size=16777216"
    "memorysetup-gfx-main-allocator-block-size=16777216"
    "memorysetup-gfx-thread-allocator-block-size=16777216"
    "memorysetup-cache-allocator-block-size=4194304"
    "memorysetup-typetree-allocator-block-size=2097152"
    "memorysetup-profiler-bucket-allocator-granularity=16"
    "memorysetup-profiler-bucket-allocator-bucket-count=8"
    "memorysetup-profiler-bucket-allocator-block-size=33554432"
    "memorysetup-profiler-bucket-allocator-block-count=8"
    "memorysetup-profiler-allocator-block-size=16777216"
    "memorysetup-profiler-editor-allocator-block-size=1048576"
    "memorysetup-temp-allocator-size-main=16777216"
    "memorysetup-job-temp-allocator-block-size=2097152"
    "memorysetup-job-temp-allocator-block-size-background=1048576"
    "memorysetup-job-temp-allocator-reduction-small-platforms=262144"
    "memorysetup-temp-allocator-size-background-worker=32768"
    "memorysetup-temp-allocator-size-job-worker=262144"
    "memorysetup-temp-allocator-size-preload-manager=33554432"
    "memorysetup-temp-allocator-size-nav-mesh-worker=65536"
    "memorysetup-temp-allocator-size-audio-worker=65536"
    "memorysetup-temp-allocator-size-cloud-worker=32768"
    "memorysetup-temp-allocator-size-gi-baking-worker=262144"
    "memorysetup-temp-allocator-size-gfx=262144"
Refreshing native plugins compatible for Editor in 73.50 ms, found 3 plugins.
Preloading 0 native plugins for Editor in 0.00 ms.
Initialize engine version: 2021.3.1f1 (3b70a0754835)
[Subsystems] Discovering subsystems at path C:/Program Files/Unity/Hub/Editor/2021.3.1f1/Editor/Data/Resources/UnitySubsystems
[Subsystems] Discovering subsystems at path C:/Users/domar/OneDrive/Documents/GitHub/Cheese-Rush/Cheese Rush/Assets
GfxDevice: creating device client; threaded=0; jobified=0
Direct3D:
    Version:  Direct3D 11.0 [level 11.1]
    Renderer: NVIDIA GeForce RTX 2060 (ID=0x1e89)
    Vendor:   NVIDIA
    VRAM:     5968 MB
    Driver:   31.0.15.1640
Initialize mono
Mono path[0] = 'C:/Program Files/Unity/Hub/Editor/2021.3.1f1/Editor/Data/Managed'
Mono path[1] = 'C:/Program Files/Unity/Hub/Editor/2021.3.1f1/Editor/Data/MonoBleedingEdge/lib/mono/unityjit-win32'
Mono config path = 'C:/Program Files/Unity/Hub/Editor/2021.3.1f1/Editor/Data/MonoBleedingEdge/etc'
Using monoOptions --debugger-agent=transport=dt_socket,embedding=1,server=y,suspend=n,address=127.0.0.1:56712
Begin MonoManager ReloadAssembly
Registering precompiled unity dll's ...
Register platform support module: C:/Program Files/Unity/Hub/Editor/2021.3.1f1/Editor/Data/PlaybackEngines/WebGLSupport/UnityEditor.WebGL.Extensions.dll
Register platform support module: C:/Program Files/Unity/Hub/Editor/2021.3.1f1/Editor/Data/PlaybackEngines/WindowsStandaloneSupport/UnityEditor.WindowsStandalone.Extensions.dll
Registered in 0.007005 seconds.
Native extension for WindowsStandalone target not found
Native extension for WebGL target not found
Refreshing native plugins compatible for Editor in 65.54 ms, found 3 plugins.
Preloading 0 native plugins for Editor in 0.00 ms.
Mono: successfully reloaded assembly
- Completed reload, in  0.551 seconds
Domain Reload Profiling:
	ReloadAssembly (552ms)
		BeginReloadAssembly (62ms)
			ExecutionOrderSort (0ms)
			DisableScriptedObjects (0ms)
			BackupInstance (0ms)
			ReleaseScriptingObjects (0ms)
			CreateAndSetChildDomain (1ms)
		EndReloadAssembly (393ms)
			LoadAssemblies (61ms)
			RebuildTransferFunctionScriptingTraits (0ms)
			SetupTypeCache (91ms)
			ReleaseScriptCaches (0ms)
			RebuildScriptCaches (23ms)
			SetupLoadedEditorAssemblies (236ms)
				LogAssemblyErrors (0ms)
				InitializePlatformSupportModulesInManaged (9ms)
				SetLoadedEditorAssemblies (0ms)
				RefreshPlugins (66ms)
				BeforeProcessingInitializeOnLoad (1ms)
				ProcessInitializeOnLoadAttributes (124ms)
				ProcessInitializeOnLoadMethodAttributes (37ms)
				AfterProcessingInitializeOnLoad (0ms)
				EditorAssembliesLoaded (0ms)
			ExecutionOrderSort2 (0ms)
			AwakeInstancesAfterBackupRestoration (0ms)
Platform modules already initialized, skipping
Registering precompiled user dll's ...
Registered in 0.004199 seconds.
Begin MonoManager ReloadAssembly
Symbol file LoadedFromMemory doesn't match image C:\Users\domar\OneDrive\Documents\GitHub\Cheese-Rush\Cheese Rush\Library\PackageCache\com.unity.visualscripting@1.7.6\Editor\VisualScripting.Core\Dependencies\YamlDotNet\Unity.VisualScripting.YamlDotNet.dll
Symbol file LoadedFromMemory is not a mono symbol file
Symbol file LoadedFromMemory doesn't match image C:\Users\domar\OneDrive\Documents\GitHub\Cheese-Rush\Cheese Rush\Library\PackageCache\com.unity.visualscripting@1.7.6\Editor\VisualScripting.Core\Dependencies\DotNetZip\Unity.VisualScripting.IonicZip.dll
Native extension for WindowsStandalone target not found
Native extension for WebGL target not found
Refreshing native plugins compatible for Editor in 0.48 ms, found 3 plugins.
Preloading 0 native plugins for Editor in 0.00 ms.
Mono: successfully reloaded assembly
- Completed reload, in  0.872 seconds
Domain Reload Profiling:
	ReloadAssembly (873ms)
		BeginReloadAssembly (98ms)
			ExecutionOrderSort (0ms)
			DisableScriptedObjects (5ms)
			BackupInstance (0ms)
			ReleaseScriptingObjects (0ms)
			CreateAndSetChildDomain (16ms)
		EndReloadAssembly (672ms)
			LoadAssemblies (79ms)
			RebuildTransferFunctionScriptingTraits (0ms)
			SetupTypeCache (208ms)
			ReleaseScriptCaches (1ms)
			RebuildScriptCaches (45ms)
			SetupLoadedEditorAssemblies (304ms)
				LogAssemblyErrors (0ms)
				InitializePlatformSupportModulesInManaged (6ms)
				SetLoadedEditorAssemblies (0ms)
				RefreshPlugins (1ms)
				BeforeProcessingInitializeOnLoad (76ms)
				ProcessInitializeOnLoadAttributes (195ms)
				ProcessInitializeOnLoadMethodAttributes (19ms)
				AfterProcessingInitializeOnLoad (7ms)
				EditorAssembliesLoaded (0ms)
			ExecutionOrderSort2 (0ms)
			AwakeInstancesAfterBackupRestoration (5ms)
Platform modules already initialized, skipping
========================================================================
Worker process is ready to serve import requests
Launched and connected shader compiler UnityShaderCompiler.exe after 0.06 seconds
Refreshing native plugins compatible for Editor in 0.96 ms, found 3 plugins.
Preloading 0 native plugins for Editor in 0.00 ms.
Unloading 3261 Unused Serialized files (Serialized files now loaded: 0)
Unloading 23 unused Assets / (112.2 KB). Loaded Objects now: 3728.
Memory consumption went from 117.0 MB to 116.9 MB.
Total: 2.459100 ms (FindLiveObjects: 0.257500 ms CreateObjectMapping: 0.188800 ms MarkObjects: 1.923500 ms  DeleteObjects: 0.088600 ms)

AssetImportParameters requested are different than current active one (requested -> active):
  custom:video-decoder-ogg-theora: a1e56fd34408186e4bbccfd4996cb3dc -> 
  custom:container-muxer-webm: aa71ff27fc2769a1b78a27578f13a17b -> 
  custom:container-demuxer-webm: 4f35f7cbe854078d1ac9338744f61a02 -> 
  custom:video-encoder-webm-vp8: eb34c28f22e8b96e1ab97ce403110664 -> 
  custom:audio-encoder-webm-vorbis: bf7c407c2cedff20999df2af8eb42d56 -> 
  custom:framework-win-MediaFoundation: 216162199b28c13a410421893ffa2e32 -> 
  custom:container-demuxer-ogg: 62fdf1f143b41e24485cea50d1cbac27 -> 
  custom:video-decoder-webm-vp8: 9c59270c3fd7afecdb556c50c9e8de78 -> 
  custom:audio-decoder-ogg-vorbis: bf7c407c2cedff20999df2af8eb42d56 -> 
========================================================================
Received Import Request.
  Time since last request: 13632.131973 seconds.
  path: Assets/Materials/Back Cube.png
  artifactKey: Guid(68626e611f27d614c9b407cebc74b376) Importer(815301076,1909f56bfc062723c751e8b465ee728b)
Start importing Assets/Materials/Back Cube.png using Guid(68626e611f27d614c9b407cebc74b376) Importer(815301076,1909f56bfc062723c751e8b465ee728b)  -> (artifact id: 'fbdfe28498bb3f00a80e49368ca185be') in 0.066541 seconds 
========================================================================
Received Import Request.
  Time since last request: 0.000027 seconds.
  path: Assets/Materials/Win_Screen_Level_4.png
  artifactKey: Guid(b0e938d4df4a93447a74127a21f5a925) Importer(815301076,1909f56bfc062723c751e8b465ee728b)
Start importing Assets/Materials/Win_Screen_Level_4.png using Guid(b0e938d4df4a93447a74127a21f5a925) Importer(815301076,1909f56bfc062723c751e8b465ee728b)  -> (artifact id: 'b5d4cf29b0de0f55bac9e96dd0bc0537') in 0.013014 seconds 
========================================================================
Received Import Request.
  Time since last request: 0.000022 seconds.
  path: Assets/Materials/Count Equals UI.png
  artifactKey: Guid(e6bcd030bb517da4f9e630c13d824ffa) Importer(815301076,1909f56bfc062723c751e8b465ee728b)
Start importing Assets/Materials/Count Equals UI.png using Guid(e6bcd030bb517da4f9e630c13d824ffa) Importer(815301076,1909f56bfc062723c751e8b465ee728b)  -> (artifact id: '6f32bf2a849872e90d8f797b790d9973') in 0.022092 seconds 
========================================================================
Received Import Request.
  Time since last request: 0.000027 seconds.
  path: Assets/Materials/Wall.mat
  artifactKey: Guid(d157c53909fbdf341a6e6d5247d24042) Importer(815301076,1909f56bfc062723c751e8b465ee728b)
Start importing Assets/Materials/Wall.mat using Guid(d157c53909fbdf341a6e6d5247d24042) Importer(815301076,1909f56bfc062723c751e8b465ee728b)  -> (artifact id: '30222a3b8d4e794c43adee88c5e12fea') in 0.064470 seconds 
========================================================================
Received Import Request.
  Time since last request: 0.000018 seconds.
  path: Assets/Materials/Win Screen Level 1.png
  artifactKey: Guid(d33a6cf8830d1ee46bc2986decf3e7ee) Importer(815301076,1909f56bfc062723c751e8b465ee728b)
Start importing Assets/Materials/Win Screen Level 1.png using Guid(d33a6cf8830d1ee46bc2986decf3e7ee) Importer(815301076,1909f56bfc062723c751e8b465ee728b)  -> (artifact id: 'ac80d1c9e7b92e95ff111a24e30a54bb') in 0.008893 seconds 
========================================================================
Received Import Request.
  Time since last request: 0.000020 seconds.
  path: Assets/Materials/Grey.mat
  artifactKey: Guid(8b6d70dc3b816344b81be51a666fb222) Importer(815301076,1909f56bfc062723c751e8b465ee728b)
Start importing Assets/Materials/Grey.mat using Guid(8b6d70dc3b816344b81be51a666fb222) Importer(815301076,1909f56bfc062723c751e8b465ee728b)  -> (artifact id: '046ec0d6932fe3493f85e10bdf9e78a3') in 0.010374 seconds 
========================================================================
Received Import Request.
  Time since last request: 0.000017 seconds.
  path: Assets/Materials/Time UI.png
  artifactKey: Guid(cafb452ee71478c4bb486a2106b844b4) Importer(815301076,1909f56bfc062723c751e8b465ee728b)
Start importing Assets/Materials/Time UI.png using Guid(cafb452ee71478c4bb486a2106b844b4) Importer(815301076,1909f56bfc062723c751e8b465ee728b)  -> (artifact id: '479f53b5fb3a3582ae7db777415f1ffd') in 0.009541 seconds 
========================================================================
Received Import Request.
  Time since last request: 0.000023 seconds.
  path: Assets/Materials/Yellow.mat
  artifactKey: Guid(1606c57ec460ada468c57ff65ae8f54f) Importer(815301076,1909f56bfc062723c751e8b465ee728b)
Start importing Assets/Materials/Yellow.mat using Guid(1606c57ec460ada468c57ff65ae8f54f) Importer(815301076,1909f56bfc062723c751e8b465ee728b)  -> (artifact id: '58b04d5ef0d30b63dbc85e523ccdd810') in 0.010721 seconds 
========================================================================
Received Import Request.
  Time since last request: 0.000021 seconds.
  path: Assets/Materials/Start Screen.mat
  artifactKey: Guid(1e56e53ba54cb15459b128ed1da5fdf1) Importer(815301076,1909f56bfc062723c751e8b465ee728b)
Start importing Assets/Materials/Start Screen.mat using Guid(1e56e53ba54cb15459b128ed1da5fdf1) Importer(815301076,1909f56bfc062723c751e8b465ee728b)  -> (artifact id: '0f7106f0b93f37e0d0d354e978843a83') in 0.013014 seconds 
========================================================================
Received Import Request.
  Time since last request: 0.000015 seconds.
  path: Assets/Materials/Information Cube.png
  artifactKey: Guid(9a1684d0ccd94dd43b753d6abdd277ae) Importer(815301076,1909f56bfc062723c751e8b465ee728b)
Start importing Assets/Materials/Information Cube.png using Guid(9a1684d0ccd94dd43b753d6abdd277ae) Importer(815301076,1909f56bfc062723c751e8b465ee728b)  -> (artifact id: 'a8a39d48b4f5007d309a910fbbafa34e') in 0.008722 seconds 
========================================================================
Received Import Request.
  Time since last request: 0.000019 seconds.
  path: Assets/Materials/Level_4_Cube.png
  artifactKey: Guid(36a159d396999524e95f0ebc788983e2) Importer(815301076,1909f56bfc062723c751e8b465ee728b)
Start importing Assets/Materials/Level_4_Cube.png using Guid(36a159d396999524e95f0ebc788983e2) Importer(815301076,1909f56bfc062723c751e8b465ee728b)  -> (artifact id: 'ea02eeb6ae42ce3d50e8e2f8e5546c5a') in 0.011711 seconds 
========================================================================
Received Import Request.
  Time since last request: 0.000024 seconds.
  path: Assets/Materials/Quit Screen.png
  artifactKey: Guid(94e98418998ac614688fbd37c574e633) Importer(815301076,1909f56bfc062723c751e8b465ee728b)
Start importing Assets/Materials/Quit Screen.png using Guid(94e98418998ac614688fbd37c574e633) Importer(815301076,1909f56bfc062723c751e8b465ee728b)  -> (artifact id: '0221e44c885845e855ce82451de9564c') in 0.006400 seconds 
========================================================================
Received Import Request.
  Time since last request: 0.000031 seconds.
  path: Assets/Materials/Red Cheese.mat
  artifactKey: Guid(4524e074dd78b4f4e8dc172f1241f661) Importer(815301076,1909f56bfc062723c751e8b465ee728b)
Start importing Assets/Materials/Red Cheese.mat using Guid(4524e074dd78b4f4e8dc172f1241f661) Importer(815301076,1909f56bfc062723c751e8b465ee728b)  -> (artifact id: 'dd720fdf14fed1cf53e11ebc05be56fd') in 0.011097 seconds 
========================================================================
Received Import Request.
  Time since last request: 0.000022 seconds.
  path: Assets/Materials/Wall.png
  artifactKey: Guid(a68ddaa1df2bbe147a07f5e803d5b4ae) Importer(815301076,1909f56bfc062723c751e8b465ee728b)
Start importing Assets/Materials/Wall.png using Guid(a68ddaa1df2bbe147a07f5e803d5b4ae) Importer(815301076,1909f56bfc062723c751e8b465ee728b)  -> (artifact id: '5391b264dec248a937ce2c38567dec5e') in 0.009287 seconds 
========================================================================
Received Import Request.
  Time since last request: 0.000028 seconds.
  path: Assets/Materials/Win Text - Copy.mat
  artifactKey: Guid(1439aa9bf2d14d547b7514d332c943a2) Importer(815301076,1909f56bfc062723c751e8b465ee728b)
Start importing Assets/Materials/Win Text - Copy.mat using Guid(1439aa9bf2d14d547b7514d332c943a2) Importer(815301076,1909f56bfc062723c751e8b465ee728b)  -> (artifact id: 'b98a048ee79050c7883d6600f1b5ca4f') in 0.010669 seconds 
========================================================================
Received Import Request.
  Time since last request: 0.000019 seconds.
  path: Assets/Materials/Win Screen Level 2.png
  artifactKey: Guid(9ca627498b85a3a4fbeb4240ee33a8b6) Importer(815301076,1909f56bfc062723c751e8b465ee728b)
Start importing Assets/Materials/Win Screen Level 2.png using Guid(9ca627498b85a3a4fbeb4240ee33a8b6) Importer(815301076,1909f56bfc062723c751e8b465ee728b)  -> (artifact id: 'e965a63c386d665c0f31e1c28241be34') in 0.009145 seconds 
========================================================================
Received Import Request.
  Time since last request: 0.000022 seconds.
  path: Assets/Materials/Level 2 Cube.mat
  artifactKey: Guid(34f5be6850385f042bdd0df3f0530536) Importer(815301076,1909f56bfc062723c751e8b465ee728b)
Start importing Assets/Materials/Level 2 Cube.mat using Guid(34f5be6850385f042bdd0df3f0530536) Importer(815301076,1909f56bfc062723c751e8b465ee728b)  -> (artifact id: '75e4ac313fb8167d3f009cc997bb764f') in 0.010988 seconds 
========================================================================
Received Import Request.
  Time since last request: 0.000024 seconds.
  path: Assets/Materials/Level 1 Cube.png
  artifactKey: Guid(c180506c3958ca24ab88a8e6490fc129) Importer(815301076,1909f56bfc062723c751e8b465ee728b)
Start importing Assets/Materials/Level 1 Cube.png using Guid(c180506c3958ca24ab88a8e6490fc129) Importer(815301076,1909f56bfc062723c751e8b465ee728b)  -> (artifact id: 'c394327b9f85a648843d9e983ece383d') in 0.010547 seconds 
========================================================================
Received Import Request.
  Time since last request: 0.000021 seconds.
  path: Assets/Materials/Main Menu Screen.png
  artifactKey: Guid(d53b8bcef6ff7be4abf6fa98dd498f1d) Importer(815301076,1909f56bfc062723c751e8b465ee728b)
Start importing Assets/Materials/Main Menu Screen.png using Guid(d53b8bcef6ff7be4abf6fa98dd498f1d) Importer(815301076,1909f56bfc062723c751e8b465ee728b)  -> (artifact id: 'bd5c6993c83a1f207954d7cce604643b') in 0.008818 seconds 
========================================================================
Received Import Request.
  Time since last request: 29.622484 seconds.
  path: Assets/Materials/Materials/Level_4_Cube.mat
  artifactKey: Guid(135daaea869b9394a8cc26908a30fceb) Importer(815301076,1909f56bfc062723c751e8b465ee728b)
Start importing Assets/Materials/Materials/Level_4_Cube.mat using Guid(135daaea869b9394a8cc26908a30fceb) Importer(815301076,1909f56bfc062723c751e8b465ee728b)  -> (artifact id: '562949c8c7b34337ef24409d8175d3ab') in 0.009868 seconds 
========================================================================
Received Prepare
Registering precompiled user dll's ...
Registered in 0.003993 seconds.
Begin MonoManager ReloadAssembly
Symbol file LoadedFromMemory doesn't match image C:\Users\domar\OneDrive\Documents\GitHub\Cheese-Rush\Cheese Rush\Library\PackageCache\com.unity.visualscripting@1.7.6\Editor\VisualScripting.Core\Dependencies\YamlDotNet\Unity.VisualScripting.YamlDotNet.dll
Symbol file LoadedFromMemory is not a mono symbol file
Symbol file LoadedFromMemory doesn't match image C:\Users\domar\OneDrive\Documents\GitHub\Cheese-Rush\Cheese Rush\Library\PackageCache\com.unity.visualscripting@1.7.6\Editor\VisualScripting.Core\Dependencies\DotNetZip\Unity.VisualScripting.IonicZip.dll
Native extension for WindowsStandalone target not found
Native extension for WebGL target not found
Refreshing native plugins compatible for Editor in 0.76 ms, found 3 plugins.
Preloading 0 native plugins for Editor in 0.00 ms.
Mono: successfully reloaded assembly
- Completed reload, in  0.938 seconds
Domain Reload Profiling:
	ReloadAssembly (939ms)
		BeginReloadAssembly (123ms)
			ExecutionOrderSort (0ms)
			DisableScriptedObjects (4ms)
			BackupInstance (0ms)
			ReleaseScriptingObjects (0ms)
			CreateAndSetChildDomain (35ms)
		EndReloadAssembly (732ms)
			LoadAssemblies (83ms)
			RebuildTransferFunctionScriptingTraits (0ms)
			SetupTypeCache (258ms)
			ReleaseScriptCaches (1ms)
			RebuildScriptCaches (42ms)
			SetupLoadedEditorAssemblies (308ms)
				LogAssemblyErrors (0ms)
				InitializePlatformSupportModulesInManaged (15ms)
				SetLoadedEditorAssemblies (0ms)
				RefreshPlugins (1ms)
				BeforeProcessingInitializeOnLoad (64ms)
				ProcessInitializeOnLoadAttributes (197ms)
				ProcessInitializeOnLoadMethodAttributes (22ms)
				AfterProcessingInitializeOnLoad (9ms)
				EditorAssembliesLoaded (0ms)
			ExecutionOrderSort2 (0ms)
			AwakeInstancesAfterBackupRestoration (6ms)
Platform modules already initialized, skipping
Refreshing native plugins compatible for Editor in 1.60 ms, found 3 plugins.
Preloading 0 native plugins for Editor in 0.00 ms.
Unloading 3243 Unused Serialized files (Serialized files now loaded: 0)
Unloading 16 unused Assets / (79.3 KB). Loaded Objects now: 3772.
Memory consumption went from 120.3 MB to 120.2 MB.
Total: 2.392300 ms (FindLiveObjects: 0.284800 ms CreateObjectMapping: 0.177900 ms MarkObjects: 1.865500 ms  DeleteObjects: 0.063300 ms)

AssetImportParameters requested are different than current active one (requested -> active):
  custom:video-decoder-ogg-theora: a1e56fd34408186e4bbccfd4996cb3dc -> 
  custom:container-muxer-webm: aa71ff27fc2769a1b78a27578f13a17b -> 
  custom:container-demuxer-webm: 4f35f7cbe854078d1ac9338744f61a02 -> 
  custom:video-encoder-webm-vp8: eb34c28f22e8b96e1ab97ce403110664 -> 
  custom:audio-encoder-webm-vorbis: bf7c407c2cedff20999df2af8eb42d56 -> 
  custom:framework-win-MediaFoundation: 216162199b28c13a410421893ffa2e32 -> 
  custom:container-demuxer-ogg: 62fdf1f143b41e24485cea50d1cbac27 -> 
  custom:video-decoder-webm-vp8: 9c59270c3fd7afecdb556c50c9e8de78 -> 
  custom:audio-decoder-ogg-vorbis: bf7c407c2cedff20999df2af8eb42d56 -> 
Editor requested this worker to shutdown with reason: Scaling down because of idle timeout
AssetImportWorker is now disconnected from the server
Process exiting
Exiting without the bug reporter. Application will terminate with return code 0